<?xml version="1.0" encoding="UTF-8"?>
<testng-results skipped="0" failed="0" total="0" passed="0">
  <reporter-output>
  </reporter-output>
  <suite name="com.scp.utilities.AppTest" duration-ms="5" started-at="2017-11-05T06:00:17Z" finished-at="2017-11-05T06:00:17Z">
    <groups>
    </groups>
    <test name="Command line test" duration-ms="5" started-at="2017-11-05T06:00:17Z" finished-at="2017-11-05T06:00:17Z">
    </test> <!-- Command line test -->
  </suite> <!-- com.scp.utilities.AppTest -->
</testng-results>
